<html>
<head>
<title>TestNG:  Surefire test</title>
<link href="../testng.css" rel="stylesheet" type="text/css" />
<link href="../my-testng.css" rel="stylesheet" type="text/css" />

<style type="text/css">
.log { display: none;} 
.stack-trace { display: none;} 
</style>
<script type="text/javascript">
<!--
function flip(e) {
  current = e.style.display;
  if (current == 'block') {
    e.style.display = 'none';
    return 0;
  }
  else {
    e.style.display = 'block';
    return 1;
  }
}

function toggleBox(szDivId, elem, msg1, msg2)
{
  var res = -1;  if (document.getElementById) {
    res = flip(document.getElementById(szDivId));
  }
  else if (document.all) {
    // this is the way old msie versions work
    res = flip(document.all[szDivId]);
  }
  if(elem) {
    if(res == 0) elem.innerHTML = msg1; else elem.innerHTML = msg2;
  }

}

function toggleAllBoxes() {
  if (document.getElementsByTagName) {
    d = document.getElementsByTagName('div');
    for (i = 0; i < d.length; i++) {
      if (d[i].className == 'log') {
        flip(d[i]);
      }
    }
  }
}

// -->
</script>

</head>
<body>
<h2 align='center'>Surefire test</h2><table border='1' align="center">
<tr>
<td>Tests passed/Failed/Skipped:</td><td>0/8/0</td>
</tr><tr>
<td>Started on:</td><td>Wed Oct 08 11:03:16 WIB 2025</td>
</tr>
<tr><td>Total time:</td><td>135 seconds (135563 ms)</td>
</tr><tr>
<td>Included groups:</td><td></td>
</tr><tr>
<td>Excluded groups:</td><td></td>
</tr>
</table><p/>
<small><i>(Hover the method name to see the test class name)</i></small><p/>
<table width='100%' border='1' class='invocation-failed'>
<tr><td colspan='4' align='center'><b>FAILED TESTS</b></td></tr>
<tr><td><b>Test method</b></td>
<td><b>Attribute(s)</b></td>
<td width="30%"><b>Exception</b></td>
<td width="10%"><b>Time (seconds)</b></td>
<td><b>Instance</b></td>
</tr>
<tr>
<td title='AutomationMobileBrainboost.TestRunner.runScenario()'><b>runScenario</b><br>Test class: AutomationMobileBrainboost.TestRunner<br>Test method: Runs Cucumber Scenarios<br>Parameters: "Login with valid credentials", "Login with valid credentials"</td>
<td><div><pre>org.openqa.selenium.TimeoutException: Expected condition failed: waiting for visibility of element located by By.xpath: //android.view.View[@content-desc=&quot;Skip&quot;] (tried for 15 second(s) with 500 milliseconds interval)
Build info: version: &apos;4.36.0&apos;, revision: &apos;6d115cfd87&apos;
System info: os.name: &apos;Mac OS X&apos;, os.arch: &apos;aarch64&apos;, os.version: &apos;12.7.4&apos;, java.version: &apos;23-valhalla&apos;
Driver info: io.appium.java_client.android.AndroidDriver
Capabilities {appium:app: /Users/herlan/Downloads/3.0..., appium:appActivity: com.brainboost.android.Main..., appium:appPackage: com.brainboost.android, appium:automationName: UiAutomator2, appium:databaseEnabled: false, appium:desired: {app: /Users/herlan/Downloads/3.0..., appActivity: com.brainboost.android.Main..., appPackage: com.brainboost.android, automationName: UiAutomator2, deviceName: emulator-5554, platformName: ANDROID, platformVersion: 15.0}, appium:deviceApiLevel: 35, appium:deviceManufacturer: Google, appium:deviceModel: Pixel Tablet, appium:deviceName: emulator-5554, appium:deviceScreenDensity: 440, appium:deviceScreenSize: 1080x2280, appium:deviceUDID: emulator-5554, appium:javascriptEnabled: true, appium:locationContextEnabled: false, appium:networkConnectionEnabled: true, appium:pixelRatio: 2.75, appium:platformVersion: 15, appium:statBarHeight: 83, appium:takesScreenshot: true, appium:viewportRect: {height: 2197, left: 0, top: 83, width: 1080}, appium:warnings: {}, appium:webStorageEnabled: false, platformName: ANDROID}
Session ID: 2271e025-bf92-4b31-9d23-e10ab0222b00
	at org.openqa.selenium.support.ui.WebDriverWait.timeoutException(WebDriverWait.java:84)
	at org.openqa.selenium.support.ui.FluentWait.until(FluentWait.java:228)
	at AutomationMobileBrainboost.page.LoginPage.clickSkipButton(LoginPage.java:61)
	at AutomationMobileBrainboost.StepDefinitions.LoginSteps.userIsLaunchTheAppBrainboost(LoginSteps.java:31)
	at ✽.user is launch the app, then if skip button is displayed, click skip button(file:///Users/herlan/Documents/AUTOMATION%20/qa_automation_mobile/src/test/resources/features/loginSuccess.feature:4)
</pre></div><a href='#' onClick='toggleBox("stack-trace1794710728", this, "Click to show all stack frames", "Click to hide stack frames")'>Click to show all stack frames</a>
<div class='stack-trace' id='stack-trace1794710728'><pre>org.openqa.selenium.TimeoutException: Expected condition failed: waiting for visibility of element located by By.xpath: //android.view.View[@content-desc=&quot;Skip&quot;] (tried for 15 second(s) with 500 milliseconds interval)
Build info: version: &apos;4.36.0&apos;, revision: &apos;6d115cfd87&apos;
System info: os.name: &apos;Mac OS X&apos;, os.arch: &apos;aarch64&apos;, os.version: &apos;12.7.4&apos;, java.version: &apos;23-valhalla&apos;
Driver info: io.appium.java_client.android.AndroidDriver
Capabilities {appium:app: /Users/herlan/Downloads/3.0..., appium:appActivity: com.brainboost.android.Main..., appium:appPackage: com.brainboost.android, appium:automationName: UiAutomator2, appium:databaseEnabled: false, appium:desired: {app: /Users/herlan/Downloads/3.0..., appActivity: com.brainboost.android.Main..., appPackage: com.brainboost.android, automationName: UiAutomator2, deviceName: emulator-5554, platformName: ANDROID, platformVersion: 15.0}, appium:deviceApiLevel: 35, appium:deviceManufacturer: Google, appium:deviceModel: Pixel Tablet, appium:deviceName: emulator-5554, appium:deviceScreenDensity: 440, appium:deviceScreenSize: 1080x2280, appium:deviceUDID: emulator-5554, appium:javascriptEnabled: true, appium:locationContextEnabled: false, appium:networkConnectionEnabled: true, appium:pixelRatio: 2.75, appium:platformVersion: 15, appium:statBarHeight: 83, appium:takesScreenshot: true, appium:viewportRect: {height: 2197, left: 0, top: 83, width: 1080}, appium:warnings: {}, appium:webStorageEnabled: false, platformName: ANDROID}
Session ID: 2271e025-bf92-4b31-9d23-e10ab0222b00
	at org.openqa.selenium.support.ui.WebDriverWait.timeoutException(WebDriverWait.java:84)
	at org.openqa.selenium.support.ui.FluentWait.until(FluentWait.java:228)
	at AutomationMobileBrainboost.page.LoginPage.clickSkipButton(LoginPage.java:61)
	at AutomationMobileBrainboost.StepDefinitions.LoginSteps.userIsLaunchTheAppBrainboost(LoginSteps.java:31)
	at ✽.user is launch the app, then if skip button is displayed, click skip button(file:///Users/herlan/Documents/AUTOMATION%20/qa_automation_mobile/src/test/resources/features/loginSuccess.feature:4)
</pre></div></td>
<td>15</td>
<td>AutomationMobileBrainboost.TestRunner@2aa5fe93</td></tr>
<tr>
<td title='AutomationMobileBrainboost.TestRunner.runScenario()'><b>runScenario</b><br>Test class: AutomationMobileBrainboost.TestRunner<br>Test method: Runs Cucumber Scenarios<br>Parameters: "login with invalid credentials", "Login"</td>
<td><div><pre>org.openqa.selenium.TimeoutException: Expected condition failed: waiting for visibility of element located by By.xpath: //android.widget.EditText[contains(@hint, &apos;Password&apos;)]
 (tried for 15 second(s) with 500 milliseconds interval)
Build info: version: &apos;4.36.0&apos;, revision: &apos;6d115cfd87&apos;
System info: os.name: &apos;Mac OS X&apos;, os.arch: &apos;aarch64&apos;, os.version: &apos;12.7.4&apos;, java.version: &apos;23-valhalla&apos;
Driver info: io.appium.java_client.android.AndroidDriver
Capabilities {appium:app: /Users/herlan/Downloads/3.0..., appium:appActivity: com.brainboost.android.Main..., appium:appPackage: com.brainboost.android, appium:automationName: UiAutomator2, appium:databaseEnabled: false, appium:desired: {app: /Users/herlan/Downloads/3.0..., appActivity: com.brainboost.android.Main..., appPackage: com.brainboost.android, automationName: UiAutomator2, deviceName: emulator-5554, platformName: ANDROID, platformVersion: 15.0}, appium:deviceApiLevel: 35, appium:deviceManufacturer: Google, appium:deviceModel: Pixel Tablet, appium:deviceName: emulator-5554, appium:deviceScreenDensity: 440, appium:deviceScreenSize: 1080x2280, appium:deviceUDID: emulator-5554, appium:javascriptEnabled: true, appium:locationContextEnabled: false, appium:networkConnectionEnabled: true, appium:pixelRatio: 2.75, appium:platformVersion: 15, appium:statBarHeight: 83, appium:takesScreenshot: true, appium:viewportRect: {height: 2197, left: 0, top: 83, width: 1080}, appium:warnings: {}, appium:webStorageEnabled: false, platformName: ANDROID}
Session ID: 2271e025-bf92-4b31-9d23-e10ab0222b00
	at org.openqa.selenium.support.ui.WebDriverWait.timeoutException(WebDriverWait.java:84)
	at org.openqa.selenium.support.ui.FluentWait.until(FluentWait.java:228)
	at AutomationMobileBrainboost.page.LoginPage.inputPassword(LoginPage.java:51)
	at AutomationMobileBrainboost.StepDefinitions.LoginSteps.userInputPasswordWithPassword(LoginSteps.java:49)
	at ✽.user click form and input password with &quot;password&quot;(file:///Users/herlan/Documents/AUTOMATION%20/qa_automation_mobile/src/test/resources/features/loginFailed.feature:8)
</pre></div><a href='#' onClick='toggleBox("stack-trace17808347", this, "Click to show all stack frames", "Click to hide stack frames")'>Click to show all stack frames</a>
<div class='stack-trace' id='stack-trace17808347'><pre>org.openqa.selenium.TimeoutException: Expected condition failed: waiting for visibility of element located by By.xpath: //android.widget.EditText[contains(@hint, &apos;Password&apos;)]
 (tried for 15 second(s) with 500 milliseconds interval)
Build info: version: &apos;4.36.0&apos;, revision: &apos;6d115cfd87&apos;
System info: os.name: &apos;Mac OS X&apos;, os.arch: &apos;aarch64&apos;, os.version: &apos;12.7.4&apos;, java.version: &apos;23-valhalla&apos;
Driver info: io.appium.java_client.android.AndroidDriver
Capabilities {appium:app: /Users/herlan/Downloads/3.0..., appium:appActivity: com.brainboost.android.Main..., appium:appPackage: com.brainboost.android, appium:automationName: UiAutomator2, appium:databaseEnabled: false, appium:desired: {app: /Users/herlan/Downloads/3.0..., appActivity: com.brainboost.android.Main..., appPackage: com.brainboost.android, automationName: UiAutomator2, deviceName: emulator-5554, platformName: ANDROID, platformVersion: 15.0}, appium:deviceApiLevel: 35, appium:deviceManufacturer: Google, appium:deviceModel: Pixel Tablet, appium:deviceName: emulator-5554, appium:deviceScreenDensity: 440, appium:deviceScreenSize: 1080x2280, appium:deviceUDID: emulator-5554, appium:javascriptEnabled: true, appium:locationContextEnabled: false, appium:networkConnectionEnabled: true, appium:pixelRatio: 2.75, appium:platformVersion: 15, appium:statBarHeight: 83, appium:takesScreenshot: true, appium:viewportRect: {height: 2197, left: 0, top: 83, width: 1080}, appium:warnings: {}, appium:webStorageEnabled: false, platformName: ANDROID}
Session ID: 2271e025-bf92-4b31-9d23-e10ab0222b00
	at org.openqa.selenium.support.ui.WebDriverWait.timeoutException(WebDriverWait.java:84)
	at org.openqa.selenium.support.ui.FluentWait.until(FluentWait.java:228)
	at AutomationMobileBrainboost.page.LoginPage.inputPassword(LoginPage.java:51)
	at AutomationMobileBrainboost.StepDefinitions.LoginSteps.userInputPasswordWithPassword(LoginSteps.java:49)
	at ✽.user click form and input password with &quot;password&quot;(file:///Users/herlan/Documents/AUTOMATION%20/qa_automation_mobile/src/test/resources/features/loginFailed.feature:8)
</pre></div></td>
<td>24</td>
<td>AutomationMobileBrainboost.TestRunner@2aa5fe93</td></tr>
<tr>
<td title='AutomationMobileBrainboost.TestRunner.runScenario()'><b>runScenario</b><br>Test class: AutomationMobileBrainboost.TestRunner<br>Test method: Runs Cucumber Scenarios<br>Parameters: "Transfer successfully between user", "Transfer between user"</td>
<td><div><pre>org.openqa.selenium.TimeoutException: Expected condition failed: waiting for visibility of element located by AppiumBy.accessibilityId: Tombol Transfer antar BCA (tried for 15 second(s) with 500 milliseconds interval)
Build info: version: &apos;4.36.0&apos;, revision: &apos;6d115cfd87&apos;
System info: os.name: &apos;Mac OS X&apos;, os.arch: &apos;aarch64&apos;, os.version: &apos;12.7.4&apos;, java.version: &apos;23-valhalla&apos;
Driver info: io.appium.java_client.android.AndroidDriver
Capabilities {appium:app: /Users/herlan/Downloads/3.0..., appium:appActivity: com.brainboost.android.Main..., appium:appPackage: com.brainboost.android, appium:automationName: UiAutomator2, appium:databaseEnabled: false, appium:desired: {app: /Users/herlan/Downloads/3.0..., appActivity: com.brainboost.android.Main..., appPackage: com.brainboost.android, automationName: UiAutomator2, deviceName: emulator-5554, platformName: ANDROID, platformVersion: 15.0}, appium:deviceApiLevel: 35, appium:deviceManufacturer: Google, appium:deviceModel: Pixel Tablet, appium:deviceName: emulator-5554, appium:deviceScreenDensity: 440, appium:deviceScreenSize: 1080x2280, appium:deviceUDID: emulator-5554, appium:javascriptEnabled: true, appium:locationContextEnabled: false, appium:networkConnectionEnabled: true, appium:pixelRatio: 2.75, appium:platformVersion: 15, appium:statBarHeight: 83, appium:takesScreenshot: true, appium:viewportRect: {height: 2197, left: 0, top: 83, width: 1080}, appium:warnings: {}, appium:webStorageEnabled: false, platformName: ANDROID}
Session ID: 2271e025-bf92-4b31-9d23-e10ab0222b00
	at org.openqa.selenium.support.ui.WebDriverWait.timeoutException(WebDriverWait.java:84)
	at org.openqa.selenium.support.ui.FluentWait.until(FluentWait.java:228)
	at AutomationMobileBrainboost.page.HomePage.clickTransferButton(HomePage.java:90)
	at AutomationMobileBrainboost.StepDefinitions.HomeSteps.userIsOnTheTransferAntarBCAScreen(HomeSteps.java:43)
	at ✽.User is on the Transfer Antar BCA screen(file:///Users/herlan/Documents/AUTOMATION%20/qa_automation_mobile/src/test/resources/features/transfer.feature:3)
</pre></div><a href='#' onClick='toggleBox("stack-trace1700751834", this, "Click to show all stack frames", "Click to hide stack frames")'>Click to show all stack frames</a>
<div class='stack-trace' id='stack-trace1700751834'><pre>org.openqa.selenium.TimeoutException: Expected condition failed: waiting for visibility of element located by AppiumBy.accessibilityId: Tombol Transfer antar BCA (tried for 15 second(s) with 500 milliseconds interval)
Build info: version: &apos;4.36.0&apos;, revision: &apos;6d115cfd87&apos;
System info: os.name: &apos;Mac OS X&apos;, os.arch: &apos;aarch64&apos;, os.version: &apos;12.7.4&apos;, java.version: &apos;23-valhalla&apos;
Driver info: io.appium.java_client.android.AndroidDriver
Capabilities {appium:app: /Users/herlan/Downloads/3.0..., appium:appActivity: com.brainboost.android.Main..., appium:appPackage: com.brainboost.android, appium:automationName: UiAutomator2, appium:databaseEnabled: false, appium:desired: {app: /Users/herlan/Downloads/3.0..., appActivity: com.brainboost.android.Main..., appPackage: com.brainboost.android, automationName: UiAutomator2, deviceName: emulator-5554, platformName: ANDROID, platformVersion: 15.0}, appium:deviceApiLevel: 35, appium:deviceManufacturer: Google, appium:deviceModel: Pixel Tablet, appium:deviceName: emulator-5554, appium:deviceScreenDensity: 440, appium:deviceScreenSize: 1080x2280, appium:deviceUDID: emulator-5554, appium:javascriptEnabled: true, appium:locationContextEnabled: false, appium:networkConnectionEnabled: true, appium:pixelRatio: 2.75, appium:platformVersion: 15, appium:statBarHeight: 83, appium:takesScreenshot: true, appium:viewportRect: {height: 2197, left: 0, top: 83, width: 1080}, appium:warnings: {}, appium:webStorageEnabled: false, platformName: ANDROID}
Session ID: 2271e025-bf92-4b31-9d23-e10ab0222b00
	at org.openqa.selenium.support.ui.WebDriverWait.timeoutException(WebDriverWait.java:84)
	at org.openqa.selenium.support.ui.FluentWait.until(FluentWait.java:228)
	at AutomationMobileBrainboost.page.HomePage.clickTransferButton(HomePage.java:90)
	at AutomationMobileBrainboost.StepDefinitions.HomeSteps.userIsOnTheTransferAntarBCAScreen(HomeSteps.java:43)
	at ✽.User is on the Transfer Antar BCA screen(file:///Users/herlan/Documents/AUTOMATION%20/qa_automation_mobile/src/test/resources/features/transfer.feature:3)
</pre></div></td>
<td>15</td>
<td>AutomationMobileBrainboost.TestRunner@2aa5fe93</td></tr>
<tr>
<td title='AutomationMobileBrainboost.TestRunner.runScenario()'><b>runScenario</b><br>Test class: AutomationMobileBrainboost.TestRunner<br>Test method: Runs Cucumber Scenarios<br>Parameters: "login with invalid credentials", "Login"</td>
<td><div><pre>org.openqa.selenium.TimeoutException: Expected condition failed: waiting for visibility of element located by By.xpath: //android.view.View[@content-desc=&quot;Skip&quot;] (tried for 15 second(s) with 500 milliseconds interval)
Build info: version: &apos;4.36.0&apos;, revision: &apos;6d115cfd87&apos;
System info: os.name: &apos;Mac OS X&apos;, os.arch: &apos;aarch64&apos;, os.version: &apos;12.7.4&apos;, java.version: &apos;23-valhalla&apos;
Driver info: io.appium.java_client.android.AndroidDriver
Capabilities {appium:app: /Users/herlan/Downloads/3.0..., appium:appActivity: com.brainboost.android.Main..., appium:appPackage: com.brainboost.android, appium:automationName: UiAutomator2, appium:databaseEnabled: false, appium:desired: {app: /Users/herlan/Downloads/3.0..., appActivity: com.brainboost.android.Main..., appPackage: com.brainboost.android, automationName: UiAutomator2, deviceName: emulator-5554, platformName: ANDROID, platformVersion: 15.0}, appium:deviceApiLevel: 35, appium:deviceManufacturer: Google, appium:deviceModel: Pixel Tablet, appium:deviceName: emulator-5554, appium:deviceScreenDensity: 440, appium:deviceScreenSize: 1080x2280, appium:deviceUDID: emulator-5554, appium:javascriptEnabled: true, appium:locationContextEnabled: false, appium:networkConnectionEnabled: true, appium:pixelRatio: 2.75, appium:platformVersion: 15, appium:statBarHeight: 83, appium:takesScreenshot: true, appium:viewportRect: {height: 2197, left: 0, top: 83, width: 1080}, appium:warnings: {}, appium:webStorageEnabled: false, platformName: ANDROID}
Session ID: 2271e025-bf92-4b31-9d23-e10ab0222b00
	at org.openqa.selenium.support.ui.WebDriverWait.timeoutException(WebDriverWait.java:84)
	at org.openqa.selenium.support.ui.FluentWait.until(FluentWait.java:228)
	at AutomationMobileBrainboost.page.LoginPage.clickSkipButton(LoginPage.java:61)
	at AutomationMobileBrainboost.StepDefinitions.LoginSteps.userIsLaunchTheAppBrainboost(LoginSteps.java:31)
	at ✽.user is launch the app, then if skip button is displayed, click skip button(file:///Users/herlan/Documents/AUTOMATION%20/qa_automation_mobile/src/test/resources/features/loginFailed.feature:4)
</pre></div><a href='#' onClick='toggleBox("stack-trace1495414981", this, "Click to show all stack frames", "Click to hide stack frames")'>Click to show all stack frames</a>
<div class='stack-trace' id='stack-trace1495414981'><pre>org.openqa.selenium.TimeoutException: Expected condition failed: waiting for visibility of element located by By.xpath: //android.view.View[@content-desc=&quot;Skip&quot;] (tried for 15 second(s) with 500 milliseconds interval)
Build info: version: &apos;4.36.0&apos;, revision: &apos;6d115cfd87&apos;
System info: os.name: &apos;Mac OS X&apos;, os.arch: &apos;aarch64&apos;, os.version: &apos;12.7.4&apos;, java.version: &apos;23-valhalla&apos;
Driver info: io.appium.java_client.android.AndroidDriver
Capabilities {appium:app: /Users/herlan/Downloads/3.0..., appium:appActivity: com.brainboost.android.Main..., appium:appPackage: com.brainboost.android, appium:automationName: UiAutomator2, appium:databaseEnabled: false, appium:desired: {app: /Users/herlan/Downloads/3.0..., appActivity: com.brainboost.android.Main..., appPackage: com.brainboost.android, automationName: UiAutomator2, deviceName: emulator-5554, platformName: ANDROID, platformVersion: 15.0}, appium:deviceApiLevel: 35, appium:deviceManufacturer: Google, appium:deviceModel: Pixel Tablet, appium:deviceName: emulator-5554, appium:deviceScreenDensity: 440, appium:deviceScreenSize: 1080x2280, appium:deviceUDID: emulator-5554, appium:javascriptEnabled: true, appium:locationContextEnabled: false, appium:networkConnectionEnabled: true, appium:pixelRatio: 2.75, appium:platformVersion: 15, appium:statBarHeight: 83, appium:takesScreenshot: true, appium:viewportRect: {height: 2197, left: 0, top: 83, width: 1080}, appium:warnings: {}, appium:webStorageEnabled: false, platformName: ANDROID}
Session ID: 2271e025-bf92-4b31-9d23-e10ab0222b00
	at org.openqa.selenium.support.ui.WebDriverWait.timeoutException(WebDriverWait.java:84)
	at org.openqa.selenium.support.ui.FluentWait.until(FluentWait.java:228)
	at AutomationMobileBrainboost.page.LoginPage.clickSkipButton(LoginPage.java:61)
	at AutomationMobileBrainboost.StepDefinitions.LoginSteps.userIsLaunchTheAppBrainboost(LoginSteps.java:31)
	at ✽.user is launch the app, then if skip button is displayed, click skip button(file:///Users/herlan/Documents/AUTOMATION%20/qa_automation_mobile/src/test/resources/features/loginFailed.feature:4)
</pre></div></td>
<td>15</td>
<td>AutomationMobileBrainboost.TestRunner@2aa5fe93</td></tr>
<tr>
<td title='AutomationMobileBrainboost.TestRunner.runScenario()'><b>runScenario</b><br>Test class: AutomationMobileBrainboost.TestRunner<br>Test method: Runs Cucumber Scenarios<br>Parameters: "Check remaining balance", "Check remaining balance"</td>
<td><div><pre>io.cucumber.testng.UndefinedStepException: The step &apos;user click masuk button&apos; and 3 other step(s) are undefined.
You can implement these steps using the snippet(s) below:

@Given(&quot;user click masuk button&quot;)
public void user_click_masuk_button() {
    // Write code here that turns the phrase above into concrete actions
    throw new io.cucumber.java.PendingException();
}
@Given(&quot;user input username with {string}&quot;)
public void user_input_username_with(String string) {
    // Write code here that turns the phrase above into concrete actions
    throw new io.cucumber.java.PendingException();
}
@Given(&quot;user input password with {string}&quot;)
public void user_input_password_with(String string) {
    // Write code here that turns the phrase above into concrete actions
    throw new io.cucumber.java.PendingException();
}
@Then(&quot;user sees remaining own balance in their account&quot;)
public void user_sees_remaining_own_balance_in_their_account() {
    // Write code here that turns the phrase above into concrete actions
    throw new io.cucumber.java.PendingException();
}

	at io.cucumber.core.runtime.TestCaseResultObserver.assertTestCasePassed(TestCaseResultObserver.java:69)
	at io.cucumber.testng.TestCaseResultObserver.assertTestCasePassed(TestCaseResultObserver.java:23)
	at io.cucumber.testng.TestNGCucumberRunner.lambda$runScenario$1(TestNGCucumberRunner.java:133)
	at io.cucumber.core.runtime.CucumberExecutionContext.lambda$runTestCase$5(CucumberExecutionContext.java:137)
	at io.cucumber.core.runtime.RethrowingThrowableCollector.executeAndThrow(RethrowingThrowableCollector.java:23)
	at io.cucumber.core.runtime.CucumberExecutionContext.runTestCase(CucumberExecutionContext.java:137)
	at io.cucumber.testng.TestNGCucumberRunner.runScenario(TestNGCucumberRunner.java:129)
	at io.cucumber.testng.AbstractTestNGCucumberTests.runScenario(AbstractTestNGCucumberTests.java:35)
	at java.base/java.util.ArrayList.forEach(ArrayList.java:1597)
... Removed 30 stack frames</pre></div><a href='#' onClick='toggleBox("stack-trace369351727", this, "Click to show all stack frames", "Click to hide stack frames")'>Click to show all stack frames</a>
<div class='stack-trace' id='stack-trace369351727'><pre>io.cucumber.testng.UndefinedStepException: The step &apos;user click masuk button&apos; and 3 other step(s) are undefined.
You can implement these steps using the snippet(s) below:

@Given(&quot;user click masuk button&quot;)
public void user_click_masuk_button() {
    // Write code here that turns the phrase above into concrete actions
    throw new io.cucumber.java.PendingException();
}
@Given(&quot;user input username with {string}&quot;)
public void user_input_username_with(String string) {
    // Write code here that turns the phrase above into concrete actions
    throw new io.cucumber.java.PendingException();
}
@Given(&quot;user input password with {string}&quot;)
public void user_input_password_with(String string) {
    // Write code here that turns the phrase above into concrete actions
    throw new io.cucumber.java.PendingException();
}
@Then(&quot;user sees remaining own balance in their account&quot;)
public void user_sees_remaining_own_balance_in_their_account() {
    // Write code here that turns the phrase above into concrete actions
    throw new io.cucumber.java.PendingException();
}

	at io.cucumber.core.runtime.TestCaseResultObserver.assertTestCasePassed(TestCaseResultObserver.java:69)
	at io.cucumber.testng.TestCaseResultObserver.assertTestCasePassed(TestCaseResultObserver.java:23)
	at io.cucumber.testng.TestNGCucumberRunner.lambda$runScenario$1(TestNGCucumberRunner.java:133)
	at io.cucumber.core.runtime.CucumberExecutionContext.lambda$runTestCase$5(CucumberExecutionContext.java:137)
	at io.cucumber.core.runtime.RethrowingThrowableCollector.executeAndThrow(RethrowingThrowableCollector.java:23)
	at io.cucumber.core.runtime.CucumberExecutionContext.runTestCase(CucumberExecutionContext.java:137)
	at io.cucumber.testng.TestNGCucumberRunner.runScenario(TestNGCucumberRunner.java:129)
	at io.cucumber.testng.AbstractTestNGCucumberTests.runScenario(AbstractTestNGCucumberTests.java:35)
	at java.base/jdk.internal.reflect.DirectMethodHandleAccessor.invoke(DirectMethodHandleAccessor.java:103)
	at java.base/java.lang.reflect.Method.invoke(Method.java:580)
	at org.testng.internal.invokers.MethodInvocationHelper.invokeMethod(MethodInvocationHelper.java:139)
	at org.testng.internal.invokers.TestInvoker.invokeMethod(TestInvoker.java:664)
	at org.testng.internal.invokers.TestInvoker.invokeTestMethod(TestInvoker.java:227)
	at org.testng.internal.invokers.MethodRunner.runInSequence(MethodRunner.java:50)
	at org.testng.internal.invokers.TestInvoker$MethodInvocationAgent.invoke(TestInvoker.java:957)
	at org.testng.internal.invokers.TestInvoker.invokeTestMethods(TestInvoker.java:200)
	at org.testng.internal.invokers.TestMethodWorker.invokeTestMethods(TestMethodWorker.java:148)
	at org.testng.internal.invokers.TestMethodWorker.run(TestMethodWorker.java:128)
	at java.base/java.util.ArrayList.forEach(ArrayList.java:1597)
	at org.testng.TestRunner.privateRun(TestRunner.java:848)
	at org.testng.TestRunner.run(TestRunner.java:621)
	at org.testng.SuiteRunner.runTest(SuiteRunner.java:443)
	at org.testng.SuiteRunner.runSequentially(SuiteRunner.java:437)
	at org.testng.SuiteRunner.privateRun(SuiteRunner.java:397)
	at org.testng.SuiteRunner.run(SuiteRunner.java:336)
	at org.testng.SuiteRunnerWorker.runSuite(SuiteRunnerWorker.java:52)
	at org.testng.SuiteRunnerWorker.run(SuiteRunnerWorker.java:95)
	at org.testng.TestNG.runSuitesSequentially(TestNG.java:1280)
	at org.testng.TestNG.runSuitesLocally(TestNG.java:1200)
	at org.testng.TestNG.runSuites(TestNG.java:1114)
	at org.testng.TestNG.run(TestNG.java:1082)
	at org.apache.maven.surefire.testng.TestNGExecutor.run(TestNGExecutor.java:155)
	at org.apache.maven.surefire.testng.TestNGDirectoryTestSuite.executeMulti(TestNGDirectoryTestSuite.java:169)
	at org.apache.maven.surefire.testng.TestNGDirectoryTestSuite.execute(TestNGDirectoryTestSuite.java:88)
	at org.apache.maven.surefire.testng.TestNGProvider.invoke(TestNGProvider.java:137)
	at org.apache.maven.surefire.booter.ForkedBooter.runSuitesInProcess(ForkedBooter.java:385)
	at org.apache.maven.surefire.booter.ForkedBooter.execute(ForkedBooter.java:162)
	at org.apache.maven.surefire.booter.ForkedBooter.run(ForkedBooter.java:507)
	at org.apache.maven.surefire.booter.ForkedBooter.main(ForkedBooter.java:495)
</pre></div></td>
<td>0</td>
<td>AutomationMobileBrainboost.TestRunner@2aa5fe93</td></tr>
<tr>
<td title='AutomationMobileBrainboost.TestRunner.runScenario()'><b>runScenario</b><br>Test class: AutomationMobileBrainboost.TestRunner<br>Test method: Runs Cucumber Scenarios<br>Parameters: "login with invalid credentials", "Login"</td>
<td><div><pre>org.openqa.selenium.TimeoutException: Expected condition failed: waiting for visibility of element located by By.xpath: //android.view.View[@content-desc=&quot;Skip&quot;] (tried for 15 second(s) with 500 milliseconds interval)
Build info: version: &apos;4.36.0&apos;, revision: &apos;6d115cfd87&apos;
System info: os.name: &apos;Mac OS X&apos;, os.arch: &apos;aarch64&apos;, os.version: &apos;12.7.4&apos;, java.version: &apos;23-valhalla&apos;
Driver info: io.appium.java_client.android.AndroidDriver
Capabilities {appium:app: /Users/herlan/Downloads/3.0..., appium:appActivity: com.brainboost.android.Main..., appium:appPackage: com.brainboost.android, appium:automationName: UiAutomator2, appium:databaseEnabled: false, appium:desired: {app: /Users/herlan/Downloads/3.0..., appActivity: com.brainboost.android.Main..., appPackage: com.brainboost.android, automationName: UiAutomator2, deviceName: emulator-5554, platformName: ANDROID, platformVersion: 15.0}, appium:deviceApiLevel: 35, appium:deviceManufacturer: Google, appium:deviceModel: Pixel Tablet, appium:deviceName: emulator-5554, appium:deviceScreenDensity: 440, appium:deviceScreenSize: 1080x2280, appium:deviceUDID: emulator-5554, appium:javascriptEnabled: true, appium:locationContextEnabled: false, appium:networkConnectionEnabled: true, appium:pixelRatio: 2.75, appium:platformVersion: 15, appium:statBarHeight: 83, appium:takesScreenshot: true, appium:viewportRect: {height: 2197, left: 0, top: 83, width: 1080}, appium:warnings: {}, appium:webStorageEnabled: false, platformName: ANDROID}
Session ID: 2271e025-bf92-4b31-9d23-e10ab0222b00
	at org.openqa.selenium.support.ui.WebDriverWait.timeoutException(WebDriverWait.java:84)
	at org.openqa.selenium.support.ui.FluentWait.until(FluentWait.java:228)
	at AutomationMobileBrainboost.page.LoginPage.clickSkipButton(LoginPage.java:61)
	at AutomationMobileBrainboost.StepDefinitions.LoginSteps.userIsLaunchTheAppBrainboost(LoginSteps.java:31)
	at ✽.user is launch the app, then if skip button is displayed, click skip button(file:///Users/herlan/Documents/AUTOMATION%20/qa_automation_mobile/src/test/resources/features/loginFailed.feature:4)
</pre></div><a href='#' onClick='toggleBox("stack-trace1291485735", this, "Click to show all stack frames", "Click to hide stack frames")'>Click to show all stack frames</a>
<div class='stack-trace' id='stack-trace1291485735'><pre>org.openqa.selenium.TimeoutException: Expected condition failed: waiting for visibility of element located by By.xpath: //android.view.View[@content-desc=&quot;Skip&quot;] (tried for 15 second(s) with 500 milliseconds interval)
Build info: version: &apos;4.36.0&apos;, revision: &apos;6d115cfd87&apos;
System info: os.name: &apos;Mac OS X&apos;, os.arch: &apos;aarch64&apos;, os.version: &apos;12.7.4&apos;, java.version: &apos;23-valhalla&apos;
Driver info: io.appium.java_client.android.AndroidDriver
Capabilities {appium:app: /Users/herlan/Downloads/3.0..., appium:appActivity: com.brainboost.android.Main..., appium:appPackage: com.brainboost.android, appium:automationName: UiAutomator2, appium:databaseEnabled: false, appium:desired: {app: /Users/herlan/Downloads/3.0..., appActivity: com.brainboost.android.Main..., appPackage: com.brainboost.android, automationName: UiAutomator2, deviceName: emulator-5554, platformName: ANDROID, platformVersion: 15.0}, appium:deviceApiLevel: 35, appium:deviceManufacturer: Google, appium:deviceModel: Pixel Tablet, appium:deviceName: emulator-5554, appium:deviceScreenDensity: 440, appium:deviceScreenSize: 1080x2280, appium:deviceUDID: emulator-5554, appium:javascriptEnabled: true, appium:locationContextEnabled: false, appium:networkConnectionEnabled: true, appium:pixelRatio: 2.75, appium:platformVersion: 15, appium:statBarHeight: 83, appium:takesScreenshot: true, appium:viewportRect: {height: 2197, left: 0, top: 83, width: 1080}, appium:warnings: {}, appium:webStorageEnabled: false, platformName: ANDROID}
Session ID: 2271e025-bf92-4b31-9d23-e10ab0222b00
	at org.openqa.selenium.support.ui.WebDriverWait.timeoutException(WebDriverWait.java:84)
	at org.openqa.selenium.support.ui.FluentWait.until(FluentWait.java:228)
	at AutomationMobileBrainboost.page.LoginPage.clickSkipButton(LoginPage.java:61)
	at AutomationMobileBrainboost.StepDefinitions.LoginSteps.userIsLaunchTheAppBrainboost(LoginSteps.java:31)
	at ✽.user is launch the app, then if skip button is displayed, click skip button(file:///Users/herlan/Documents/AUTOMATION%20/qa_automation_mobile/src/test/resources/features/loginFailed.feature:4)
</pre></div></td>
<td>15</td>
<td>AutomationMobileBrainboost.TestRunner@2aa5fe93</td></tr>
<tr>
<td title='AutomationMobileBrainboost.TestRunner.runScenario()'><b>runScenario</b><br>Test class: AutomationMobileBrainboost.TestRunner<br>Test method: Runs Cucumber Scenarios<br>Parameters: "login with invalid credentials", "Login"</td>
<td><div><pre>org.openqa.selenium.TimeoutException: Expected condition failed: waiting for visibility of element located by By.xpath: //android.view.View[@content-desc=&quot;Skip&quot;] (tried for 15 second(s) with 500 milliseconds interval)
Build info: version: &apos;4.36.0&apos;, revision: &apos;6d115cfd87&apos;
System info: os.name: &apos;Mac OS X&apos;, os.arch: &apos;aarch64&apos;, os.version: &apos;12.7.4&apos;, java.version: &apos;23-valhalla&apos;
Driver info: io.appium.java_client.android.AndroidDriver
Capabilities {appium:app: /Users/herlan/Downloads/3.0..., appium:appActivity: com.brainboost.android.Main..., appium:appPackage: com.brainboost.android, appium:automationName: UiAutomator2, appium:databaseEnabled: false, appium:desired: {app: /Users/herlan/Downloads/3.0..., appActivity: com.brainboost.android.Main..., appPackage: com.brainboost.android, automationName: UiAutomator2, deviceName: emulator-5554, platformName: ANDROID, platformVersion: 15.0}, appium:deviceApiLevel: 35, appium:deviceManufacturer: Google, appium:deviceModel: Pixel Tablet, appium:deviceName: emulator-5554, appium:deviceScreenDensity: 440, appium:deviceScreenSize: 1080x2280, appium:deviceUDID: emulator-5554, appium:javascriptEnabled: true, appium:locationContextEnabled: false, appium:networkConnectionEnabled: true, appium:pixelRatio: 2.75, appium:platformVersion: 15, appium:statBarHeight: 83, appium:takesScreenshot: true, appium:viewportRect: {height: 2197, left: 0, top: 83, width: 1080}, appium:warnings: {}, appium:webStorageEnabled: false, platformName: ANDROID}
Session ID: 2271e025-bf92-4b31-9d23-e10ab0222b00
	at org.openqa.selenium.support.ui.WebDriverWait.timeoutException(WebDriverWait.java:84)
	at org.openqa.selenium.support.ui.FluentWait.until(FluentWait.java:228)
	at AutomationMobileBrainboost.page.LoginPage.clickSkipButton(LoginPage.java:61)
	at AutomationMobileBrainboost.StepDefinitions.LoginSteps.userIsLaunchTheAppBrainboost(LoginSteps.java:31)
	at ✽.user is launch the app, then if skip button is displayed, click skip button(file:///Users/herlan/Documents/AUTOMATION%20/qa_automation_mobile/src/test/resources/features/loginFailed.feature:4)
</pre></div><a href='#' onClick='toggleBox("stack-trace987255094", this, "Click to show all stack frames", "Click to hide stack frames")'>Click to show all stack frames</a>
<div class='stack-trace' id='stack-trace987255094'><pre>org.openqa.selenium.TimeoutException: Expected condition failed: waiting for visibility of element located by By.xpath: //android.view.View[@content-desc=&quot;Skip&quot;] (tried for 15 second(s) with 500 milliseconds interval)
Build info: version: &apos;4.36.0&apos;, revision: &apos;6d115cfd87&apos;
System info: os.name: &apos;Mac OS X&apos;, os.arch: &apos;aarch64&apos;, os.version: &apos;12.7.4&apos;, java.version: &apos;23-valhalla&apos;
Driver info: io.appium.java_client.android.AndroidDriver
Capabilities {appium:app: /Users/herlan/Downloads/3.0..., appium:appActivity: com.brainboost.android.Main..., appium:appPackage: com.brainboost.android, appium:automationName: UiAutomator2, appium:databaseEnabled: false, appium:desired: {app: /Users/herlan/Downloads/3.0..., appActivity: com.brainboost.android.Main..., appPackage: com.brainboost.android, automationName: UiAutomator2, deviceName: emulator-5554, platformName: ANDROID, platformVersion: 15.0}, appium:deviceApiLevel: 35, appium:deviceManufacturer: Google, appium:deviceModel: Pixel Tablet, appium:deviceName: emulator-5554, appium:deviceScreenDensity: 440, appium:deviceScreenSize: 1080x2280, appium:deviceUDID: emulator-5554, appium:javascriptEnabled: true, appium:locationContextEnabled: false, appium:networkConnectionEnabled: true, appium:pixelRatio: 2.75, appium:platformVersion: 15, appium:statBarHeight: 83, appium:takesScreenshot: true, appium:viewportRect: {height: 2197, left: 0, top: 83, width: 1080}, appium:warnings: {}, appium:webStorageEnabled: false, platformName: ANDROID}
Session ID: 2271e025-bf92-4b31-9d23-e10ab0222b00
	at org.openqa.selenium.support.ui.WebDriverWait.timeoutException(WebDriverWait.java:84)
	at org.openqa.selenium.support.ui.FluentWait.until(FluentWait.java:228)
	at AutomationMobileBrainboost.page.LoginPage.clickSkipButton(LoginPage.java:61)
	at AutomationMobileBrainboost.StepDefinitions.LoginSteps.userIsLaunchTheAppBrainboost(LoginSteps.java:31)
	at ✽.user is launch the app, then if skip button is displayed, click skip button(file:///Users/herlan/Documents/AUTOMATION%20/qa_automation_mobile/src/test/resources/features/loginFailed.feature:4)
</pre></div></td>
<td>15</td>
<td>AutomationMobileBrainboost.TestRunner@2aa5fe93</td></tr>
<tr>
<td title='AutomationMobileBrainboost.TestRunner.runScenario()'><b>runScenario</b><br>Test class: AutomationMobileBrainboost.TestRunner<br>Test method: Runs Cucumber Scenarios<br>Parameters: "login with invalid credentials", "Login"</td>
<td><div><pre>org.openqa.selenium.TimeoutException: Expected condition failed: waiting for visibility of element located by By.xpath: //android.view.View[@content-desc=&quot;Skip&quot;] (tried for 15 second(s) with 500 milliseconds interval)
Build info: version: &apos;4.36.0&apos;, revision: &apos;6d115cfd87&apos;
System info: os.name: &apos;Mac OS X&apos;, os.arch: &apos;aarch64&apos;, os.version: &apos;12.7.4&apos;, java.version: &apos;23-valhalla&apos;
Driver info: io.appium.java_client.android.AndroidDriver
Capabilities {appium:app: /Users/herlan/Downloads/3.0..., appium:appActivity: com.brainboost.android.Main..., appium:appPackage: com.brainboost.android, appium:automationName: UiAutomator2, appium:databaseEnabled: false, appium:desired: {app: /Users/herlan/Downloads/3.0..., appActivity: com.brainboost.android.Main..., appPackage: com.brainboost.android, automationName: UiAutomator2, deviceName: emulator-5554, platformName: ANDROID, platformVersion: 15.0}, appium:deviceApiLevel: 35, appium:deviceManufacturer: Google, appium:deviceModel: Pixel Tablet, appium:deviceName: emulator-5554, appium:deviceScreenDensity: 440, appium:deviceScreenSize: 1080x2280, appium:deviceUDID: emulator-5554, appium:javascriptEnabled: true, appium:locationContextEnabled: false, appium:networkConnectionEnabled: true, appium:pixelRatio: 2.75, appium:platformVersion: 15, appium:statBarHeight: 83, appium:takesScreenshot: true, appium:viewportRect: {height: 2197, left: 0, top: 83, width: 1080}, appium:warnings: {}, appium:webStorageEnabled: false, platformName: ANDROID}
Session ID: 2271e025-bf92-4b31-9d23-e10ab0222b00
	at org.openqa.selenium.support.ui.WebDriverWait.timeoutException(WebDriverWait.java:84)
	at org.openqa.selenium.support.ui.FluentWait.until(FluentWait.java:228)
	at AutomationMobileBrainboost.page.LoginPage.clickSkipButton(LoginPage.java:61)
	at AutomationMobileBrainboost.StepDefinitions.LoginSteps.userIsLaunchTheAppBrainboost(LoginSteps.java:31)
	at ✽.user is launch the app, then if skip button is displayed, click skip button(file:///Users/herlan/Documents/AUTOMATION%20/qa_automation_mobile/src/test/resources/features/loginFailed.feature:4)
</pre></div><a href='#' onClick='toggleBox("stack-trace662409124", this, "Click to show all stack frames", "Click to hide stack frames")'>Click to show all stack frames</a>
<div class='stack-trace' id='stack-trace662409124'><pre>org.openqa.selenium.TimeoutException: Expected condition failed: waiting for visibility of element located by By.xpath: //android.view.View[@content-desc=&quot;Skip&quot;] (tried for 15 second(s) with 500 milliseconds interval)
Build info: version: &apos;4.36.0&apos;, revision: &apos;6d115cfd87&apos;
System info: os.name: &apos;Mac OS X&apos;, os.arch: &apos;aarch64&apos;, os.version: &apos;12.7.4&apos;, java.version: &apos;23-valhalla&apos;
Driver info: io.appium.java_client.android.AndroidDriver
Capabilities {appium:app: /Users/herlan/Downloads/3.0..., appium:appActivity: com.brainboost.android.Main..., appium:appPackage: com.brainboost.android, appium:automationName: UiAutomator2, appium:databaseEnabled: false, appium:desired: {app: /Users/herlan/Downloads/3.0..., appActivity: com.brainboost.android.Main..., appPackage: com.brainboost.android, automationName: UiAutomator2, deviceName: emulator-5554, platformName: ANDROID, platformVersion: 15.0}, appium:deviceApiLevel: 35, appium:deviceManufacturer: Google, appium:deviceModel: Pixel Tablet, appium:deviceName: emulator-5554, appium:deviceScreenDensity: 440, appium:deviceScreenSize: 1080x2280, appium:deviceUDID: emulator-5554, appium:javascriptEnabled: true, appium:locationContextEnabled: false, appium:networkConnectionEnabled: true, appium:pixelRatio: 2.75, appium:platformVersion: 15, appium:statBarHeight: 83, appium:takesScreenshot: true, appium:viewportRect: {height: 2197, left: 0, top: 83, width: 1080}, appium:warnings: {}, appium:webStorageEnabled: false, platformName: ANDROID}
Session ID: 2271e025-bf92-4b31-9d23-e10ab0222b00
	at org.openqa.selenium.support.ui.WebDriverWait.timeoutException(WebDriverWait.java:84)
	at org.openqa.selenium.support.ui.FluentWait.until(FluentWait.java:228)
	at AutomationMobileBrainboost.page.LoginPage.clickSkipButton(LoginPage.java:61)
	at AutomationMobileBrainboost.StepDefinitions.LoginSteps.userIsLaunchTheAppBrainboost(LoginSteps.java:31)
	at ✽.user is launch the app, then if skip button is displayed, click skip button(file:///Users/herlan/Documents/AUTOMATION%20/qa_automation_mobile/src/test/resources/features/loginFailed.feature:4)
</pre></div></td>
<td>15</td>
<td>AutomationMobileBrainboost.TestRunner@2aa5fe93</td></tr>
</table><p>
</body>
</html>