<?xml version="1.0" encoding="UTF-8"?>
<!-- Generated by org.testng.reporters.JUnitReportReporter -->
<testsuite hostname="Isi-2.local" failures="0" tests="8" name="AutomationMobileBrainboost.TestRunner" time="117.908" errors="8" timestamp="2025-10-08T11:05:32 WIB" skipped="0">
  <testcase classname="AutomationMobileBrainboost.TestRunner" name="runScenario" time="15.574">
    <error message="Expected condition failed: waiting for visibility of element located by By.xpath: //android.view.View[@content-desc=&quot;Skip&quot;] (tried for 15 second(s) with 500 milliseconds interval)
Build info: version: &#039;4.36.0&#039;, revision: &#039;6d115cfd87&#039;
System info: os.name: &#039;Mac OS X&#039;, os.arch: &#039;aarch64&#039;, os.version: &#039;12.7.4&#039;, java.version: &#039;23-valhalla&#039;
Driver info: io.appium.java_client.android.AndroidDriver
Capabilities {appium:app: /Users/herlan/Downloads/3.0..., appium:appActivity: com.brainboost.android.Main..., appium:appPackage: com.brainboost.android, appium:automationName: UiAutomator2, appium:databaseEnabled: false, appium:desired: {app: /Users/herlan/Downloads/3.0..., appActivity: com.brainboost.android.Main..., appPackage: com.brainboost.android, automationName: UiAutomator2, deviceName: emulator-5554, platformName: ANDROID, platformVersion: 15.0}, appium:deviceApiLevel: 35, appium:deviceManufacturer: Google, appium:deviceModel: Pixel Tablet, appium:deviceName: emulator-5554, appium:deviceScreenDensity: 440, appium:deviceScreenSize: 1080x2280, appium:deviceUDID: emulator-5554, appium:javascriptEnabled: true, appium:locationContextEnabled: false, appium:networkConnectionEnabled: true, appium:pixelRatio: 2.75, appium:platformVersion: 15, appium:statBarHeight: 83, appium:takesScreenshot: true, appium:viewportRect: {height: 2197, left: 0, top: 83, width: 1080}, appium:warnings: {}, appium:webStorageEnabled: false, platformName: ANDROID}
Session ID: 2271e025-bf92-4b31-9d23-e10ab0222b00" type="org.openqa.selenium.TimeoutException">
      <![CDATA[org.openqa.selenium.TimeoutException: Expected condition failed: waiting for visibility of element located by By.xpath: //android.view.View[@content-desc="Skip"] (tried for 15 second(s) with 500 milliseconds interval)
Build info: version: '4.36.0', revision: '6d115cfd87'
System info: os.name: 'Mac OS X', os.arch: 'aarch64', os.version: '12.7.4', java.version: '23-valhalla'
Driver info: io.appium.java_client.android.AndroidDriver
Capabilities {appium:app: /Users/herlan/Downloads/3.0..., appium:appActivity: com.brainboost.android.Main..., appium:appPackage: com.brainboost.android, appium:automationName: UiAutomator2, appium:databaseEnabled: false, appium:desired: {app: /Users/herlan/Downloads/3.0..., appActivity: com.brainboost.android.Main..., appPackage: com.brainboost.android, automationName: UiAutomator2, deviceName: emulator-5554, platformName: ANDROID, platformVersion: 15.0}, appium:deviceApiLevel: 35, appium:deviceManufacturer: Google, appium:deviceModel: Pixel Tablet, appium:deviceName: emulator-5554, appium:deviceScreenDensity: 440, appium:deviceScreenSize: 1080x2280, appium:deviceUDID: emulator-5554, appium:javascriptEnabled: true, appium:locationContextEnabled: false, appium:networkConnectionEnabled: true, appium:pixelRatio: 2.75, appium:platformVersion: 15, appium:statBarHeight: 83, appium:takesScreenshot: true, appium:viewportRect: {height: 2197, left: 0, top: 83, width: 1080}, appium:warnings: {}, appium:webStorageEnabled: false, platformName: ANDROID}
Session ID: 2271e025-bf92-4b31-9d23-e10ab0222b00
at org.openqa.selenium.support.ui.WebDriverWait.timeoutException(WebDriverWait.java:84)
at org.openqa.selenium.support.ui.FluentWait.until(FluentWait.java:228)
at AutomationMobileBrainboost.page.LoginPage.clickSkipButton(LoginPage.java:61)
at AutomationMobileBrainboost.StepDefinitions.LoginSteps.userIsLaunchTheAppBrainboost(LoginSteps.java:31)
at ✽.user is launch the app, then if skip button is displayed, click skip button(file:///Users/herlan/Documents/AUTOMATION%20/qa_automation_mobile/src/test/resources/features/loginSuccess.feature:4)
]]>
    </error>
  </testcase> <!-- runScenario -->
  <testcase classname="AutomationMobileBrainboost.TestRunner" name="runScenario" time="24.934">
    <error message="Expected condition failed: waiting for visibility of element located by By.xpath: //android.widget.EditText[contains(@hint, &#039;Password&#039;)]
 (tried for 15 second(s) with 500 milliseconds interval)
Build info: version: &#039;4.36.0&#039;, revision: &#039;6d115cfd87&#039;
System info: os.name: &#039;Mac OS X&#039;, os.arch: &#039;aarch64&#039;, os.version: &#039;12.7.4&#039;, java.version: &#039;23-valhalla&#039;
Driver info: io.appium.java_client.android.AndroidDriver
Capabilities {appium:app: /Users/herlan/Downloads/3.0..., appium:appActivity: com.brainboost.android.Main..., appium:appPackage: com.brainboost.android, appium:automationName: UiAutomator2, appium:databaseEnabled: false, appium:desired: {app: /Users/herlan/Downloads/3.0..., appActivity: com.brainboost.android.Main..., appPackage: com.brainboost.android, automationName: UiAutomator2, deviceName: emulator-5554, platformName: ANDROID, platformVersion: 15.0}, appium:deviceApiLevel: 35, appium:deviceManufacturer: Google, appium:deviceModel: Pixel Tablet, appium:deviceName: emulator-5554, appium:deviceScreenDensity: 440, appium:deviceScreenSize: 1080x2280, appium:deviceUDID: emulator-5554, appium:javascriptEnabled: true, appium:locationContextEnabled: false, appium:networkConnectionEnabled: true, appium:pixelRatio: 2.75, appium:platformVersion: 15, appium:statBarHeight: 83, appium:takesScreenshot: true, appium:viewportRect: {height: 2197, left: 0, top: 83, width: 1080}, appium:warnings: {}, appium:webStorageEnabled: false, platformName: ANDROID}
Session ID: 2271e025-bf92-4b31-9d23-e10ab0222b00" type="org.openqa.selenium.TimeoutException">
      <![CDATA[org.openqa.selenium.TimeoutException: Expected condition failed: waiting for visibility of element located by By.xpath: //android.widget.EditText[contains(@hint, 'Password')]
 (tried for 15 second(s) with 500 milliseconds interval)
Build info: version: '4.36.0', revision: '6d115cfd87'
System info: os.name: 'Mac OS X', os.arch: 'aarch64', os.version: '12.7.4', java.version: '23-valhalla'
Driver info: io.appium.java_client.android.AndroidDriver
Capabilities {appium:app: /Users/herlan/Downloads/3.0..., appium:appActivity: com.brainboost.android.Main..., appium:appPackage: com.brainboost.android, appium:automationName: UiAutomator2, appium:databaseEnabled: false, appium:desired: {app: /Users/herlan/Downloads/3.0..., appActivity: com.brainboost.android.Main..., appPackage: com.brainboost.android, automationName: UiAutomator2, deviceName: emulator-5554, platformName: ANDROID, platformVersion: 15.0}, appium:deviceApiLevel: 35, appium:deviceManufacturer: Google, appium:deviceModel: Pixel Tablet, appium:deviceName: emulator-5554, appium:deviceScreenDensity: 440, appium:deviceScreenSize: 1080x2280, appium:deviceUDID: emulator-5554, appium:javascriptEnabled: true, appium:locationContextEnabled: false, appium:networkConnectionEnabled: true, appium:pixelRatio: 2.75, appium:platformVersion: 15, appium:statBarHeight: 83, appium:takesScreenshot: true, appium:viewportRect: {height: 2197, left: 0, top: 83, width: 1080}, appium:warnings: {}, appium:webStorageEnabled: false, platformName: ANDROID}
Session ID: 2271e025-bf92-4b31-9d23-e10ab0222b00
at org.openqa.selenium.support.ui.WebDriverWait.timeoutException(WebDriverWait.java:84)
at org.openqa.selenium.support.ui.FluentWait.until(FluentWait.java:228)
at AutomationMobileBrainboost.page.LoginPage.inputPassword(LoginPage.java:51)
at AutomationMobileBrainboost.StepDefinitions.LoginSteps.userInputPasswordWithPassword(LoginSteps.java:49)
at ✽.user click form and input password with "password"(file:///Users/herlan/Documents/AUTOMATION%20/qa_automation_mobile/src/test/resources/features/loginFailed.feature:8)
]]>
    </error>
  </testcase> <!-- runScenario -->
  <testcase classname="AutomationMobileBrainboost.TestRunner" name="runScenario" time="15.563">
    <error message="Expected condition failed: waiting for visibility of element located by AppiumBy.accessibilityId: Tombol Transfer antar BCA (tried for 15 second(s) with 500 milliseconds interval)
Build info: version: &#039;4.36.0&#039;, revision: &#039;6d115cfd87&#039;
System info: os.name: &#039;Mac OS X&#039;, os.arch: &#039;aarch64&#039;, os.version: &#039;12.7.4&#039;, java.version: &#039;23-valhalla&#039;
Driver info: io.appium.java_client.android.AndroidDriver
Capabilities {appium:app: /Users/herlan/Downloads/3.0..., appium:appActivity: com.brainboost.android.Main..., appium:appPackage: com.brainboost.android, appium:automationName: UiAutomator2, appium:databaseEnabled: false, appium:desired: {app: /Users/herlan/Downloads/3.0..., appActivity: com.brainboost.android.Main..., appPackage: com.brainboost.android, automationName: UiAutomator2, deviceName: emulator-5554, platformName: ANDROID, platformVersion: 15.0}, appium:deviceApiLevel: 35, appium:deviceManufacturer: Google, appium:deviceModel: Pixel Tablet, appium:deviceName: emulator-5554, appium:deviceScreenDensity: 440, appium:deviceScreenSize: 1080x2280, appium:deviceUDID: emulator-5554, appium:javascriptEnabled: true, appium:locationContextEnabled: false, appium:networkConnectionEnabled: true, appium:pixelRatio: 2.75, appium:platformVersion: 15, appium:statBarHeight: 83, appium:takesScreenshot: true, appium:viewportRect: {height: 2197, left: 0, top: 83, width: 1080}, appium:warnings: {}, appium:webStorageEnabled: false, platformName: ANDROID}
Session ID: 2271e025-bf92-4b31-9d23-e10ab0222b00" type="org.openqa.selenium.TimeoutException">
      <![CDATA[org.openqa.selenium.TimeoutException: Expected condition failed: waiting for visibility of element located by AppiumBy.accessibilityId: Tombol Transfer antar BCA (tried for 15 second(s) with 500 milliseconds interval)
Build info: version: '4.36.0', revision: '6d115cfd87'
System info: os.name: 'Mac OS X', os.arch: 'aarch64', os.version: '12.7.4', java.version: '23-valhalla'
Driver info: io.appium.java_client.android.AndroidDriver
Capabilities {appium:app: /Users/herlan/Downloads/3.0..., appium:appActivity: com.brainboost.android.Main..., appium:appPackage: com.brainboost.android, appium:automationName: UiAutomator2, appium:databaseEnabled: false, appium:desired: {app: /Users/herlan/Downloads/3.0..., appActivity: com.brainboost.android.Main..., appPackage: com.brainboost.android, automationName: UiAutomator2, deviceName: emulator-5554, platformName: ANDROID, platformVersion: 15.0}, appium:deviceApiLevel: 35, appium:deviceManufacturer: Google, appium:deviceModel: Pixel Tablet, appium:deviceName: emulator-5554, appium:deviceScreenDensity: 440, appium:deviceScreenSize: 1080x2280, appium:deviceUDID: emulator-5554, appium:javascriptEnabled: true, appium:locationContextEnabled: false, appium:networkConnectionEnabled: true, appium:pixelRatio: 2.75, appium:platformVersion: 15, appium:statBarHeight: 83, appium:takesScreenshot: true, appium:viewportRect: {height: 2197, left: 0, top: 83, width: 1080}, appium:warnings: {}, appium:webStorageEnabled: false, platformName: ANDROID}
Session ID: 2271e025-bf92-4b31-9d23-e10ab0222b00
at org.openqa.selenium.support.ui.WebDriverWait.timeoutException(WebDriverWait.java:84)
at org.openqa.selenium.support.ui.FluentWait.until(FluentWait.java:228)
at AutomationMobileBrainboost.page.HomePage.clickTransferButton(HomePage.java:90)
at AutomationMobileBrainboost.StepDefinitions.HomeSteps.userIsOnTheTransferAntarBCAScreen(HomeSteps.java:43)
at ✽.User is on the Transfer Antar BCA screen(file:///Users/herlan/Documents/AUTOMATION%20/qa_automation_mobile/src/test/resources/features/transfer.feature:3)
]]>
    </error>
  </testcase> <!-- runScenario -->
  <testcase classname="AutomationMobileBrainboost.TestRunner" name="runScenario" time="15.198">
    <error message="Expected condition failed: waiting for visibility of element located by By.xpath: //android.view.View[@content-desc=&quot;Skip&quot;] (tried for 15 second(s) with 500 milliseconds interval)
Build info: version: &#039;4.36.0&#039;, revision: &#039;6d115cfd87&#039;
System info: os.name: &#039;Mac OS X&#039;, os.arch: &#039;aarch64&#039;, os.version: &#039;12.7.4&#039;, java.version: &#039;23-valhalla&#039;
Driver info: io.appium.java_client.android.AndroidDriver
Capabilities {appium:app: /Users/herlan/Downloads/3.0..., appium:appActivity: com.brainboost.android.Main..., appium:appPackage: com.brainboost.android, appium:automationName: UiAutomator2, appium:databaseEnabled: false, appium:desired: {app: /Users/herlan/Downloads/3.0..., appActivity: com.brainboost.android.Main..., appPackage: com.brainboost.android, automationName: UiAutomator2, deviceName: emulator-5554, platformName: ANDROID, platformVersion: 15.0}, appium:deviceApiLevel: 35, appium:deviceManufacturer: Google, appium:deviceModel: Pixel Tablet, appium:deviceName: emulator-5554, appium:deviceScreenDensity: 440, appium:deviceScreenSize: 1080x2280, appium:deviceUDID: emulator-5554, appium:javascriptEnabled: true, appium:locationContextEnabled: false, appium:networkConnectionEnabled: true, appium:pixelRatio: 2.75, appium:platformVersion: 15, appium:statBarHeight: 83, appium:takesScreenshot: true, appium:viewportRect: {height: 2197, left: 0, top: 83, width: 1080}, appium:warnings: {}, appium:webStorageEnabled: false, platformName: ANDROID}
Session ID: 2271e025-bf92-4b31-9d23-e10ab0222b00" type="org.openqa.selenium.TimeoutException">
      <![CDATA[org.openqa.selenium.TimeoutException: Expected condition failed: waiting for visibility of element located by By.xpath: //android.view.View[@content-desc="Skip"] (tried for 15 second(s) with 500 milliseconds interval)
Build info: version: '4.36.0', revision: '6d115cfd87'
System info: os.name: 'Mac OS X', os.arch: 'aarch64', os.version: '12.7.4', java.version: '23-valhalla'
Driver info: io.appium.java_client.android.AndroidDriver
Capabilities {appium:app: /Users/herlan/Downloads/3.0..., appium:appActivity: com.brainboost.android.Main..., appium:appPackage: com.brainboost.android, appium:automationName: UiAutomator2, appium:databaseEnabled: false, appium:desired: {app: /Users/herlan/Downloads/3.0..., appActivity: com.brainboost.android.Main..., appPackage: com.brainboost.android, automationName: UiAutomator2, deviceName: emulator-5554, platformName: ANDROID, platformVersion: 15.0}, appium:deviceApiLevel: 35, appium:deviceManufacturer: Google, appium:deviceModel: Pixel Tablet, appium:deviceName: emulator-5554, appium:deviceScreenDensity: 440, appium:deviceScreenSize: 1080x2280, appium:deviceUDID: emulator-5554, appium:javascriptEnabled: true, appium:locationContextEnabled: false, appium:networkConnectionEnabled: true, appium:pixelRatio: 2.75, appium:platformVersion: 15, appium:statBarHeight: 83, appium:takesScreenshot: true, appium:viewportRect: {height: 2197, left: 0, top: 83, width: 1080}, appium:warnings: {}, appium:webStorageEnabled: false, platformName: ANDROID}
Session ID: 2271e025-bf92-4b31-9d23-e10ab0222b00
at org.openqa.selenium.support.ui.WebDriverWait.timeoutException(WebDriverWait.java:84)
at org.openqa.selenium.support.ui.FluentWait.until(FluentWait.java:228)
at AutomationMobileBrainboost.page.LoginPage.clickSkipButton(LoginPage.java:61)
at AutomationMobileBrainboost.StepDefinitions.LoginSteps.userIsLaunchTheAppBrainboost(LoginSteps.java:31)
at ✽.user is launch the app, then if skip button is displayed, click skip button(file:///Users/herlan/Documents/AUTOMATION%20/qa_automation_mobile/src/test/resources/features/loginFailed.feature:4)
]]>
    </error>
  </testcase> <!-- runScenario -->
  <testcase classname="AutomationMobileBrainboost.TestRunner" name="runScenario" time="0.188">
    <error message="The step &#039;user click masuk button&#039; and 3 other step(s) are undefined.
You can implement these steps using the snippet(s) below:

@Given(&quot;user click masuk button&quot;)
public void user_click_masuk_button() {
    // Write code here that turns the phrase above into concrete actions
    throw new io.cucumber.java.PendingException();
}
@Given(&quot;user input username with {string}&quot;)
public void user_input_username_with(String string) {
    // Write code here that turns the phrase above into concrete actions
    throw new io.cucumber.java.PendingException();
}
@Given(&quot;user input password with {string}&quot;)
public void user_input_password_with(String string) {
    // Write code here that turns the phrase above into concrete actions
    throw new io.cucumber.java.PendingException();
}
@Then(&quot;user sees remaining own balance in their account&quot;)
public void user_sees_remaining_own_balance_in_their_account() {
    // Write code here that turns the phrase above into concrete actions
    throw new io.cucumber.java.PendingException();
}
" type="io.cucumber.testng.UndefinedStepException">
      <![CDATA[io.cucumber.testng.UndefinedStepException: The step 'user click masuk button' and 3 other step(s) are undefined.
You can implement these steps using the snippet(s) below:

@Given("user click masuk button")
public void user_click_masuk_button() {
    // Write code here that turns the phrase above into concrete actions
    throw new io.cucumber.java.PendingException();
}
@Given("user input username with {string}")
public void user_input_username_with(String string) {
    // Write code here that turns the phrase above into concrete actions
    throw new io.cucumber.java.PendingException();
}
@Given("user input password with {string}")
public void user_input_password_with(String string) {
    // Write code here that turns the phrase above into concrete actions
    throw new io.cucumber.java.PendingException();
}
@Then("user sees remaining own balance in their account")
public void user_sees_remaining_own_balance_in_their_account() {
    // Write code here that turns the phrase above into concrete actions
    throw new io.cucumber.java.PendingException();
}

at io.cucumber.core.runtime.TestCaseResultObserver.assertTestCasePassed(TestCaseResultObserver.java:69)
at io.cucumber.testng.TestCaseResultObserver.assertTestCasePassed(TestCaseResultObserver.java:23)
at io.cucumber.testng.TestNGCucumberRunner.lambda$runScenario$1(TestNGCucumberRunner.java:133)
at io.cucumber.core.runtime.CucumberExecutionContext.lambda$runTestCase$5(CucumberExecutionContext.java:137)
at io.cucumber.core.runtime.RethrowingThrowableCollector.executeAndThrow(RethrowingThrowableCollector.java:23)
at io.cucumber.core.runtime.CucumberExecutionContext.runTestCase(CucumberExecutionContext.java:137)
at io.cucumber.testng.TestNGCucumberRunner.runScenario(TestNGCucumberRunner.java:129)
at io.cucumber.testng.AbstractTestNGCucumberTests.runScenario(AbstractTestNGCucumberTests.java:35)
at java.base/jdk.internal.reflect.DirectMethodHandleAccessor.invoke(DirectMethodHandleAccessor.java:103)
at java.base/java.lang.reflect.Method.invoke(Method.java:580)
at org.testng.internal.invokers.MethodInvocationHelper.invokeMethod(MethodInvocationHelper.java:139)
at org.testng.internal.invokers.TestInvoker.invokeMethod(TestInvoker.java:664)
at org.testng.internal.invokers.TestInvoker.invokeTestMethod(TestInvoker.java:227)
at org.testng.internal.invokers.MethodRunner.runInSequence(MethodRunner.java:50)
at org.testng.internal.invokers.TestInvoker$MethodInvocationAgent.invoke(TestInvoker.java:957)
at org.testng.internal.invokers.TestInvoker.invokeTestMethods(TestInvoker.java:200)
at org.testng.internal.invokers.TestMethodWorker.invokeTestMethods(TestMethodWorker.java:148)
at org.testng.internal.invokers.TestMethodWorker.run(TestMethodWorker.java:128)
at java.base/java.util.ArrayList.forEach(ArrayList.java:1597)
at org.testng.TestRunner.privateRun(TestRunner.java:848)
at org.testng.TestRunner.run(TestRunner.java:621)
at org.testng.SuiteRunner.runTest(SuiteRunner.java:443)
at org.testng.SuiteRunner.runSequentially(SuiteRunner.java:437)
at org.testng.SuiteRunner.privateRun(SuiteRunner.java:397)
at org.testng.SuiteRunner.run(SuiteRunner.java:336)
at org.testng.SuiteRunnerWorker.runSuite(SuiteRunnerWorker.java:52)
at org.testng.SuiteRunnerWorker.run(SuiteRunnerWorker.java:95)
at org.testng.TestNG.runSuitesSequentially(TestNG.java:1280)
at org.testng.TestNG.runSuitesLocally(TestNG.java:1200)
at org.testng.TestNG.runSuites(TestNG.java:1114)
at org.testng.TestNG.run(TestNG.java:1082)
at org.apache.maven.surefire.testng.TestNGExecutor.run(TestNGExecutor.java:155)
at org.apache.maven.surefire.testng.TestNGDirectoryTestSuite.executeMulti(TestNGDirectoryTestSuite.java:169)
at org.apache.maven.surefire.testng.TestNGDirectoryTestSuite.execute(TestNGDirectoryTestSuite.java:88)
at org.apache.maven.surefire.testng.TestNGProvider.invoke(TestNGProvider.java:137)
at org.apache.maven.surefire.booter.ForkedBooter.runSuitesInProcess(ForkedBooter.java:385)
at org.apache.maven.surefire.booter.ForkedBooter.execute(ForkedBooter.java:162)
at org.apache.maven.surefire.booter.ForkedBooter.run(ForkedBooter.java:507)
at org.apache.maven.surefire.booter.ForkedBooter.main(ForkedBooter.java:495)
]]>
    </error>
  </testcase> <!-- runScenario -->
  <testcase classname="AutomationMobileBrainboost.TestRunner" name="runScenario" time="15.235">
    <error message="Expected condition failed: waiting for visibility of element located by By.xpath: //android.view.View[@content-desc=&quot;Skip&quot;] (tried for 15 second(s) with 500 milliseconds interval)
Build info: version: &#039;4.36.0&#039;, revision: &#039;6d115cfd87&#039;
System info: os.name: &#039;Mac OS X&#039;, os.arch: &#039;aarch64&#039;, os.version: &#039;12.7.4&#039;, java.version: &#039;23-valhalla&#039;
Driver info: io.appium.java_client.android.AndroidDriver
Capabilities {appium:app: /Users/herlan/Downloads/3.0..., appium:appActivity: com.brainboost.android.Main..., appium:appPackage: com.brainboost.android, appium:automationName: UiAutomator2, appium:databaseEnabled: false, appium:desired: {app: /Users/herlan/Downloads/3.0..., appActivity: com.brainboost.android.Main..., appPackage: com.brainboost.android, automationName: UiAutomator2, deviceName: emulator-5554, platformName: ANDROID, platformVersion: 15.0}, appium:deviceApiLevel: 35, appium:deviceManufacturer: Google, appium:deviceModel: Pixel Tablet, appium:deviceName: emulator-5554, appium:deviceScreenDensity: 440, appium:deviceScreenSize: 1080x2280, appium:deviceUDID: emulator-5554, appium:javascriptEnabled: true, appium:locationContextEnabled: false, appium:networkConnectionEnabled: true, appium:pixelRatio: 2.75, appium:platformVersion: 15, appium:statBarHeight: 83, appium:takesScreenshot: true, appium:viewportRect: {height: 2197, left: 0, top: 83, width: 1080}, appium:warnings: {}, appium:webStorageEnabled: false, platformName: ANDROID}
Session ID: 2271e025-bf92-4b31-9d23-e10ab0222b00" type="org.openqa.selenium.TimeoutException">
      <![CDATA[org.openqa.selenium.TimeoutException: Expected condition failed: waiting for visibility of element located by By.xpath: //android.view.View[@content-desc="Skip"] (tried for 15 second(s) with 500 milliseconds interval)
Build info: version: '4.36.0', revision: '6d115cfd87'
System info: os.name: 'Mac OS X', os.arch: 'aarch64', os.version: '12.7.4', java.version: '23-valhalla'
Driver info: io.appium.java_client.android.AndroidDriver
Capabilities {appium:app: /Users/herlan/Downloads/3.0..., appium:appActivity: com.brainboost.android.Main..., appium:appPackage: com.brainboost.android, appium:automationName: UiAutomator2, appium:databaseEnabled: false, appium:desired: {app: /Users/herlan/Downloads/3.0..., appActivity: com.brainboost.android.Main..., appPackage: com.brainboost.android, automationName: UiAutomator2, deviceName: emulator-5554, platformName: ANDROID, platformVersion: 15.0}, appium:deviceApiLevel: 35, appium:deviceManufacturer: Google, appium:deviceModel: Pixel Tablet, appium:deviceName: emulator-5554, appium:deviceScreenDensity: 440, appium:deviceScreenSize: 1080x2280, appium:deviceUDID: emulator-5554, appium:javascriptEnabled: true, appium:locationContextEnabled: false, appium:networkConnectionEnabled: true, appium:pixelRatio: 2.75, appium:platformVersion: 15, appium:statBarHeight: 83, appium:takesScreenshot: true, appium:viewportRect: {height: 2197, left: 0, top: 83, width: 1080}, appium:warnings: {}, appium:webStorageEnabled: false, platformName: ANDROID}
Session ID: 2271e025-bf92-4b31-9d23-e10ab0222b00
at org.openqa.selenium.support.ui.WebDriverWait.timeoutException(WebDriverWait.java:84)
at org.openqa.selenium.support.ui.FluentWait.until(FluentWait.java:228)
at AutomationMobileBrainboost.page.LoginPage.clickSkipButton(LoginPage.java:61)
at AutomationMobileBrainboost.StepDefinitions.LoginSteps.userIsLaunchTheAppBrainboost(LoginSteps.java:31)
at ✽.user is launch the app, then if skip button is displayed, click skip button(file:///Users/herlan/Documents/AUTOMATION%20/qa_automation_mobile/src/test/resources/features/loginFailed.feature:4)
]]>
    </error>
  </testcase> <!-- runScenario -->
  <testcase classname="AutomationMobileBrainboost.TestRunner" name="runScenario" time="15.670">
    <error message="Expected condition failed: waiting for visibility of element located by By.xpath: //android.view.View[@content-desc=&quot;Skip&quot;] (tried for 15 second(s) with 500 milliseconds interval)
Build info: version: &#039;4.36.0&#039;, revision: &#039;6d115cfd87&#039;
System info: os.name: &#039;Mac OS X&#039;, os.arch: &#039;aarch64&#039;, os.version: &#039;12.7.4&#039;, java.version: &#039;23-valhalla&#039;
Driver info: io.appium.java_client.android.AndroidDriver
Capabilities {appium:app: /Users/herlan/Downloads/3.0..., appium:appActivity: com.brainboost.android.Main..., appium:appPackage: com.brainboost.android, appium:automationName: UiAutomator2, appium:databaseEnabled: false, appium:desired: {app: /Users/herlan/Downloads/3.0..., appActivity: com.brainboost.android.Main..., appPackage: com.brainboost.android, automationName: UiAutomator2, deviceName: emulator-5554, platformName: ANDROID, platformVersion: 15.0}, appium:deviceApiLevel: 35, appium:deviceManufacturer: Google, appium:deviceModel: Pixel Tablet, appium:deviceName: emulator-5554, appium:deviceScreenDensity: 440, appium:deviceScreenSize: 1080x2280, appium:deviceUDID: emulator-5554, appium:javascriptEnabled: true, appium:locationContextEnabled: false, appium:networkConnectionEnabled: true, appium:pixelRatio: 2.75, appium:platformVersion: 15, appium:statBarHeight: 83, appium:takesScreenshot: true, appium:viewportRect: {height: 2197, left: 0, top: 83, width: 1080}, appium:warnings: {}, appium:webStorageEnabled: false, platformName: ANDROID}
Session ID: 2271e025-bf92-4b31-9d23-e10ab0222b00" type="org.openqa.selenium.TimeoutException">
      <![CDATA[org.openqa.selenium.TimeoutException: Expected condition failed: waiting for visibility of element located by By.xpath: //android.view.View[@content-desc="Skip"] (tried for 15 second(s) with 500 milliseconds interval)
Build info: version: '4.36.0', revision: '6d115cfd87'
System info: os.name: 'Mac OS X', os.arch: 'aarch64', os.version: '12.7.4', java.version: '23-valhalla'
Driver info: io.appium.java_client.android.AndroidDriver
Capabilities {appium:app: /Users/herlan/Downloads/3.0..., appium:appActivity: com.brainboost.android.Main..., appium:appPackage: com.brainboost.android, appium:automationName: UiAutomator2, appium:databaseEnabled: false, appium:desired: {app: /Users/herlan/Downloads/3.0..., appActivity: com.brainboost.android.Main..., appPackage: com.brainboost.android, automationName: UiAutomator2, deviceName: emulator-5554, platformName: ANDROID, platformVersion: 15.0}, appium:deviceApiLevel: 35, appium:deviceManufacturer: Google, appium:deviceModel: Pixel Tablet, appium:deviceName: emulator-5554, appium:deviceScreenDensity: 440, appium:deviceScreenSize: 1080x2280, appium:deviceUDID: emulator-5554, appium:javascriptEnabled: true, appium:locationContextEnabled: false, appium:networkConnectionEnabled: true, appium:pixelRatio: 2.75, appium:platformVersion: 15, appium:statBarHeight: 83, appium:takesScreenshot: true, appium:viewportRect: {height: 2197, left: 0, top: 83, width: 1080}, appium:warnings: {}, appium:webStorageEnabled: false, platformName: ANDROID}
Session ID: 2271e025-bf92-4b31-9d23-e10ab0222b00
at org.openqa.selenium.support.ui.WebDriverWait.timeoutException(WebDriverWait.java:84)
at org.openqa.selenium.support.ui.FluentWait.until(FluentWait.java:228)
at AutomationMobileBrainboost.page.LoginPage.clickSkipButton(LoginPage.java:61)
at AutomationMobileBrainboost.StepDefinitions.LoginSteps.userIsLaunchTheAppBrainboost(LoginSteps.java:31)
at ✽.user is launch the app, then if skip button is displayed, click skip button(file:///Users/herlan/Documents/AUTOMATION%20/qa_automation_mobile/src/test/resources/features/loginFailed.feature:4)
]]>
    </error>
  </testcase> <!-- runScenario -->
  <testcase classname="AutomationMobileBrainboost.TestRunner" name="runScenario" time="15.546">
    <error message="Expected condition failed: waiting for visibility of element located by By.xpath: //android.view.View[@content-desc=&quot;Skip&quot;] (tried for 15 second(s) with 500 milliseconds interval)
Build info: version: &#039;4.36.0&#039;, revision: &#039;6d115cfd87&#039;
System info: os.name: &#039;Mac OS X&#039;, os.arch: &#039;aarch64&#039;, os.version: &#039;12.7.4&#039;, java.version: &#039;23-valhalla&#039;
Driver info: io.appium.java_client.android.AndroidDriver
Capabilities {appium:app: /Users/herlan/Downloads/3.0..., appium:appActivity: com.brainboost.android.Main..., appium:appPackage: com.brainboost.android, appium:automationName: UiAutomator2, appium:databaseEnabled: false, appium:desired: {app: /Users/herlan/Downloads/3.0..., appActivity: com.brainboost.android.Main..., appPackage: com.brainboost.android, automationName: UiAutomator2, deviceName: emulator-5554, platformName: ANDROID, platformVersion: 15.0}, appium:deviceApiLevel: 35, appium:deviceManufacturer: Google, appium:deviceModel: Pixel Tablet, appium:deviceName: emulator-5554, appium:deviceScreenDensity: 440, appium:deviceScreenSize: 1080x2280, appium:deviceUDID: emulator-5554, appium:javascriptEnabled: true, appium:locationContextEnabled: false, appium:networkConnectionEnabled: true, appium:pixelRatio: 2.75, appium:platformVersion: 15, appium:statBarHeight: 83, appium:takesScreenshot: true, appium:viewportRect: {height: 2197, left: 0, top: 83, width: 1080}, appium:warnings: {}, appium:webStorageEnabled: false, platformName: ANDROID}
Session ID: 2271e025-bf92-4b31-9d23-e10ab0222b00" type="org.openqa.selenium.TimeoutException">
      <![CDATA[org.openqa.selenium.TimeoutException: Expected condition failed: waiting for visibility of element located by By.xpath: //android.view.View[@content-desc="Skip"] (tried for 15 second(s) with 500 milliseconds interval)
Build info: version: '4.36.0', revision: '6d115cfd87'
System info: os.name: 'Mac OS X', os.arch: 'aarch64', os.version: '12.7.4', java.version: '23-valhalla'
Driver info: io.appium.java_client.android.AndroidDriver
Capabilities {appium:app: /Users/herlan/Downloads/3.0..., appium:appActivity: com.brainboost.android.Main..., appium:appPackage: com.brainboost.android, appium:automationName: UiAutomator2, appium:databaseEnabled: false, appium:desired: {app: /Users/herlan/Downloads/3.0..., appActivity: com.brainboost.android.Main..., appPackage: com.brainboost.android, automationName: UiAutomator2, deviceName: emulator-5554, platformName: ANDROID, platformVersion: 15.0}, appium:deviceApiLevel: 35, appium:deviceManufacturer: Google, appium:deviceModel: Pixel Tablet, appium:deviceName: emulator-5554, appium:deviceScreenDensity: 440, appium:deviceScreenSize: 1080x2280, appium:deviceUDID: emulator-5554, appium:javascriptEnabled: true, appium:locationContextEnabled: false, appium:networkConnectionEnabled: true, appium:pixelRatio: 2.75, appium:platformVersion: 15, appium:statBarHeight: 83, appium:takesScreenshot: true, appium:viewportRect: {height: 2197, left: 0, top: 83, width: 1080}, appium:warnings: {}, appium:webStorageEnabled: false, platformName: ANDROID}
Session ID: 2271e025-bf92-4b31-9d23-e10ab0222b00
at org.openqa.selenium.support.ui.WebDriverWait.timeoutException(WebDriverWait.java:84)
at org.openqa.selenium.support.ui.FluentWait.until(FluentWait.java:228)
at AutomationMobileBrainboost.page.LoginPage.clickSkipButton(LoginPage.java:61)
at AutomationMobileBrainboost.StepDefinitions.LoginSteps.userIsLaunchTheAppBrainboost(LoginSteps.java:31)
at ✽.user is launch the app, then if skip button is displayed, click skip button(file:///Users/herlan/Documents/AUTOMATION%20/qa_automation_mobile/src/test/resources/features/loginFailed.feature:4)
]]>
    </error>
  </testcase> <!-- runScenario -->
</testsuite> <!-- AutomationMobileBrainboost.TestRunner -->
